Shape of X_train :(120, 1, 96)
Shape of y_train :(120,)
Shape of X_valid :(32, 1, 96)
Shape of X_test :(48, 1, 96)
 Number of classes : 2
Total time taken: 28912.52 seconds
Info:
Dataset: ECG200
Model: FCN
Num runs: 100
Replacement method: random
Num of samples: 1000
+----------------+-----------------+-------+
| Metric         | Mean (95% CI)   |   Std |
+================+=================+=======+
| Test Accuracy  | 0.86 ± 0.01     |  0.07 |
+----------------+-----------------+-------+
| Valid Accuracy | 0.85 ± 0.02     |  0.08 |
+----------------+-----------------+-------+
| Fidelity       | 0.54 ± 0.10     |  0.5  |
+----------------+-----------------+-------+
