Shape of X_train :(120, 1, 150)
Shape of y_train :(120,)
Shape of X_valid :(32, 1, 150)
Shape of X_test :(48, 1, 150)
 Number of classes : 2
Total time taken: 6219.78 seconds
Info:
Dataset: GunPoint
Model: FCN
Num runs: 100
Replacement method: zero
Num of samples: 1000
+----------------+-----------------+-------+
| Metric         | Mean (95% CI)   |   Std |
+================+=================+=======+
| Test Accuracy  | 0.95 ± 0.03     |  0.13 |
+----------------+-----------------+-------+
| Valid Accuracy | 0.94 ± 0.03     |  0.13 |
+----------------+-----------------+-------+
| Fidelity       | 0.72 ± 0.02     |  0.12 |
+----------------+-----------------+-------+
