Shape of X_train :(120, 1, 150)
Shape of y_train :(120,)
Shape of X_valid :(32, 1, 150)
Shape of X_test :(48, 1, 150)
 Number of classes : 2
Total time taken: 7347.96 seconds
Info:
Dataset: GunPoint
Model: FCN
Num runs: 100
Replacement method: random
Num of samples: 1000
+----------------+-----------------+-------+
| Metric         | Mean (95% CI)   |   Std |
+================+=================+=======+
| Test Accuracy  | 0.94 ± 0.03     |  0.13 |
+----------------+-----------------+-------+
| Valid Accuracy | 0.93 ± 0.03     |  0.14 |
+----------------+-----------------+-------+
| Fidelity       | 0.75 ± 0.08     |  0.43 |
+----------------+-----------------+-------+
